Author identity unknown

*** Please tell me who you are.

Run

  git config --global user.email "you@example.com"
  git config --global user.name "Your Name"

to set your account's default identity.
Omit --global to set the identity only in this repository.

fatal: empty ident name (for <runner@runnervmh13bl.eryogxzmxa1u1oo0v2c1amj0ie.cx.internal.cloudapp.net>) not allowed
Everything up-to-date
=== STARTING AUTO-GEX MASTER GENERATION ===
✅ Loaded tickers: SPY, QQQ, BITO, BBAI, RR, BMNU, MSTU, OPEN
✅ SPY: 355 GEX records loaded.
✅ QQQ: 264 GEX records loaded.
✅ BITO: 88 GEX records loaded.
✅ BBAI: 46 GEX records loaded.
✅ RR: 16 GEX records loaded.
✅ BMNU: 46 GEX records loaded.
✅ MSTU: 46 GEX records loaded.
✅ OPEN: 54 GEX records loaded.
✅ Building Pine Script for: SPY, QQQ, BITO, BBAI, RR, BMNU, MSTU, OPEN
✅ SUCCESS! File created: GEX_Master_Indicator.pine
🔄 Running in GitHub Actions, committing file...
