Author identity unknown

*** Please tell me who you are.

Run

  git config --global user.email "you@example.com"
  git config --global user.name "Your Name"

to set your account's default identity.
Omit --global to set the identity only in this repository.

fatal: empty ident name (for <runner@runnervmh13bl.d2e1mwhld5zutispga1qnbayth.dx.internal.cloudapp.net>) not allowed
Everything up-to-date
=== STARTING AUTO-GEX MASTER GENERATION ===
✅ Loaded tickers: SPY, QQQ, BITO, BBAI, RR, BMNU, MSTU, OPEN
✅ SPY: 363 GEX records loaded.
✅ QQQ: 267 GEX records loaded.
✅ BITO: 96 GEX records loaded.
✅ BBAI: 46 GEX records loaded.
✅ RR: 16 GEX records loaded.
⚠️ BMNU: Could not fetch or parse CSV (404 Client Error: Not Found for url: https://raw.githubusercontent.com/lady121/gex-builde/main/BMNU_GEX_20251222.csv)
✅ MSTU: 46 GEX records loaded.
✅ OPEN: 40 GEX records loaded.
✅ Building Pine Script for: SPY, QQQ, BITO, BBAI, RR, MSTU, OPEN
✅ SUCCESS! File created: GEX_Master_Indicator.pine
🔄 Running in GitHub Actions, committing file...
